6:21:49 PM  [main] 	Initializing Control Panel
6:21:49 PM  [main] 	Windows Version:  Home  64-bit
6:21:49 PM  [main] 	XAMPP Version: 7.3.6
6:21:49 PM  [main] 	Control Panel Version: 3.2.4  [ Compiled: Mar 7th 2019 ]
6:21:49 PM  [main] 	You are not running with administrator rights! This will work for
6:21:49 PM  [main] 	most application stuff but whenever you do something with services
6:21:49 PM  [main] 	there will be a security dialogue or things will break! So think 
6:21:49 PM  [main] 	about running this application with administrator rights!
6:21:49 PM  [main] 	XAMPP Installation Directory: "c:\users\moabd\onedrive\desktop\missingchildrendb\"
6:21:49 PM  [main] 	Checking for prerequisites
6:21:50 PM  [main] 	All prerequisites found
6:21:50 PM  [main] 	Initializing Modules
6:21:50 PM  [main] 	Starting Check-Timer
6:21:50 PM  [main] 	Control Panel Ready
6:21:56 PM  [Apache] 	Attempting to start Apache app...
6:21:56 PM  [Apache] 	Status change detected: running
6:35:54 PM  [mysql] 	Attempting to start MySQL app...
6:35:54 PM  [mysql] 	Status change detected: running
6:47:56 PM  [mysql] 	Attempting to stop MySQL app...
6:47:57 PM  [mysql] 	Status change detected: stopped
6:47:57 PM  [Apache] 	Attempting to stop Apache (PID: 9140)
6:47:57 PM  [Apache] 	Attempting to stop Apache (PID: 21160)
6:47:58 PM  [Apache] 	Status change detected: stopped
6:48:03 PM  [main] 	Deinitializing Modules
6:48:03 PM  [main] 	Deinitializing Control Panel

6:49:58 PM  [main] 	Initializing Control Panel
6:49:58 PM  [main] 	Windows Version:  Home  64-bit
6:49:58 PM  [main] 	XAMPP Version: 7.3.6
6:49:58 PM  [main] 	Control Panel Version: 3.2.4  [ Compiled: Mar 7th 2019 ]
6:49:58 PM  [main] 	You are not running with administrator rights! This will work for
6:49:58 PM  [main] 	most application stuff but whenever you do something with services
6:49:58 PM  [main] 	there will be a security dialogue or things will break! So think 
6:49:58 PM  [main] 	about running this application with administrator rights!
6:49:58 PM  [main] 	XAMPP Installation Directory: "c:\users\moabd\onedrive\desktop\missingchildrendb\"
6:49:58 PM  [main] 	Checking for prerequisites
6:50:00 PM  [main] 	All prerequisites found
6:50:00 PM  [main] 	Initializing Modules
6:50:00 PM  [main] 	Starting Check-Timer
6:50:00 PM  [main] 	Control Panel Ready
6:50:03 PM  [Apache] 	Attempting to start Apache app...
6:50:03 PM  [Apache] 	Status change detected: running
6:50:07 PM  [mysql] 	Attempting to start MySQL app...
6:50:07 PM  [mysql] 	Status change detected: running
10:59:29 PM  [mysql] 	Attempting to stop MySQL app...
10:59:29 PM  [mysql] 	Status change detected: stopped
10:59:30 PM  [Apache] 	Attempting to stop Apache (PID: 29452)
10:59:30 PM  [Apache] 	Attempting to stop Apache (PID: 20900)
10:59:31 PM  [Apache] 	Status change detected: stopped
11:39:44 PM  [Apache] 	Attempting to start Apache app...
11:39:45 PM  [Apache] 	Status change detected: running
11:39:46 PM  [mysql] 	Attempting to start MySQL app...
11:39:46 PM  [mysql] 	Status change detected: running
11:45:56 PM  [mysql] 	Attempting to stop MySQL app...
11:45:56 PM  [mysql] 	Status change detected: stopped
11:45:57 PM  [Apache] 	Attempting to stop Apache (PID: 4804)
11:45:57 PM  [Apache] 	Attempting to stop Apache (PID: 34632)
11:45:58 PM  [Apache] 	Status change detected: stopped
8:33:58 AM  [main] 	Deinitializing Modules
8:33:58 AM  [main] 	Deinitializing Control Panel

5:26:05 PM  [main] 	Initializing Control Panel
5:26:05 PM  [main] 	Windows Version:  Home  64-bit
5:26:05 PM  [main] 	XAMPP Version: 7.3.6
5:26:05 PM  [main] 	Control Panel Version: 3.2.4  [ Compiled: Mar 7th 2019 ]
5:26:05 PM  [main] 	You are not running with administrator rights! This will work for
5:26:05 PM  [main] 	most application stuff but whenever you do something with services
5:26:05 PM  [main] 	there will be a security dialogue or things will break! So think 
5:26:05 PM  [main] 	about running this application with administrator rights!
5:26:05 PM  [main] 	XAMPP Installation Directory: "c:\users\moabd\onedrive\desktop\missingchildrendb\"
5:26:05 PM  [main] 	Checking for prerequisites
5:26:05 PM  [main] 	All prerequisites found
5:26:05 PM  [main] 	Initializing Modules
5:26:05 PM  [main] 	Starting Check-Timer
5:26:05 PM  [main] 	Control Panel Ready
5:26:07 PM  [Apache] 	Attempting to start Apache app...
5:26:07 PM  [Apache] 	Status change detected: running
5:26:10 PM  [mysql] 	Attempting to start MySQL app...
5:26:10 PM  [mysql] 	Status change detected: running
9:44:50 PM  [mysql] 	Attempting to stop MySQL app...
9:44:50 PM  [mysql] 	Status change detected: stopped
9:44:51 PM  [Apache] 	Attempting to stop Apache (PID: 20152)
9:44:51 PM  [Apache] 	Attempting to stop Apache (PID: 31024)
9:44:52 PM  [Apache] 	Status change detected: stopped
9:44:58 PM  [main] 	Deinitializing Modules
9:44:58 PM  [main] 	Deinitializing Control Panel

