::1 - - [06/Jun/2019:18:22:10 -0700] "GET / HTTP/1.1" 302 - "-" "Mozilla/5.0 (Windows NT 10.0; Win64; x64) AppleWebKit/537.36 (KHTML, like Gecko) Chrome/74.0.3729.169 Safari/537.36"
::1 - - [06/Jun/2019:18:33:12 -0700] "GET / HTTP/1.1" 302 - "-" "Mozilla/5.0 (Windows NT 10.0; Win64; x64) AppleWebKit/537.36 (KHTML, like Gecko) Chrome/74.0.3729.169 Safari/537.36"
::1 - - [06/Jun/2019:18:33:12 -0700] "GET /missingChildren/index HTTP/1.1" 404 1053 "-" "Mozilla/5.0 (Windows NT 10.0; Win64; x64) AppleWebKit/537.36 (KHTML, like Gecko) Chrome/74.0.3729.169 Safari/537.36"
::1 - - [06/Jun/2019:18:33:20 -0700] "GET /missingChildren/index HTTP/1.1" 404 1053 "-" "Mozilla/5.0 (Windows NT 10.0; Win64; x64) AppleWebKit/537.36 (KHTML, like Gecko) Chrome/74.0.3729.169 Safari/537.36"
::1 - - [06/Jun/2019:18:33:22 -0700] "GET /missingChildren/index HTTP/1.1" 404 1053 "-" "Mozilla/5.0 (Windows NT 10.0; Win64; x64) AppleWebKit/537.36 (KHTML, like Gecko) Chrome/74.0.3729.169 Safari/537.36"
::1 - - [06/Jun/2019:18:33:31 -0700] "GET /missingChildren/index HTTP/1.1" 404 1053 "-" "Mozilla/5.0 (Windows NT 10.0; Win64; x64) AppleWebKit/537.36 (KHTML, like Gecko) Chrome/74.0.3729.169 Safari/537.36"
::1 - - [06/Jun/2019:18:33:32 -0700] "GET /missingChildren/index HTTP/1.1" 404 1053 "-" "Mozilla/5.0 (Windows NT 10.0; Win64; x64) AppleWebKit/537.36 (KHTML, like Gecko) Chrome/74.0.3729.169 Safari/537.36"
::1 - - [06/Jun/2019:18:33:47 -0700] "GET /missingChildren/index HTTP/1.1" 404 1053 "-" "Mozilla/5.0 (Windows NT 10.0; Win64; x64) AppleWebKit/537.36 (KHTML, like Gecko) Chrome/74.0.3729.169 Safari/537.36"
::1 - - [06/Jun/2019:18:33:50 -0700] "GET /missingChildren/index HTTP/1.1" 404 1053 "-" "Mozilla/5.0 (Windows NT 10.0; Win64; x64) AppleWebKit/537.36 (KHTML, like Gecko) Chrome/74.0.3729.169 Safari/537.36"
::1 - - [06/Jun/2019:18:33:52 -0700] "GET / HTTP/1.1" 302 - "-" "Mozilla/5.0 (Windows NT 10.0; Win64; x64) AppleWebKit/537.36 (KHTML, like Gecko) Chrome/74.0.3729.169 Safari/537.36"
::1 - - [06/Jun/2019:18:34:07 -0700] "GET /dashboard/ HTTP/1.1" 304 - "-" "Mozilla/5.0 (Windows NT 10.0; Win64; x64) AppleWebKit/537.36 (KHTML, like Gecko) Chrome/74.0.3729.169 Safari/537.36"
::1 - - [06/Jun/2019:18:34:11 -0700] "GET / HTTP/1.1" 302 - "-" "Mozilla/5.0 (Windows NT 10.0; Win64; x64) AppleWebKit/537.36 (KHTML, like Gecko) Chrome/74.0.3729.169 Safari/537.36"
::1 - - [06/Jun/2019:18:34:11 -0700] "GET /missingchildren/ HTTP/1.1" 200 670 "-" "Mozilla/5.0 (Windows NT 10.0; Win64; x64) AppleWebKit/537.36 (KHTML, like Gecko) Chrome/74.0.3729.169 Safari/537.36"
::1 - - [06/Jun/2019:18:34:12 -0700] "GET /missingchildren/MissingChildren/base.css HTTP/1.1" 404 1207 "http://localhost/missingchildren/" "Mozilla/5.0 (Windows NT 10.0; Win64; x64) AppleWebKit/537.36 (KHTML, like Gecko) Chrome/74.0.3729.169 Safari/537.36"
::1 - - [06/Jun/2019:18:34:41 -0700] "GET / HTTP/1.1" 302 - "-" "Mozilla/5.0 (Windows NT 10.0; Win64; x64) AppleWebKit/537.36 (KHTML, like Gecko) Chrome/74.0.3729.169 Safari/537.36"
::1 - - [06/Jun/2019:18:34:41 -0700] "GET /missingchildren/ HTTP/1.1" 200 582 "-" "Mozilla/5.0 (Windows NT 10.0; Win64; x64) AppleWebKit/537.36 (KHTML, like Gecko) Chrome/74.0.3729.169 Safari/537.36"
::1 - - [06/Jun/2019:18:34:41 -0700] "GET /missingchildren/base.css HTTP/1.1" 200 566 "http://localhost/missingchildren/" "Mozilla/5.0 (Windows NT 10.0; Win64; x64) AppleWebKit/537.36 (KHTML, like Gecko) Chrome/74.0.3729.169 Safari/537.36"
::1 - - [06/Jun/2019:18:34:45 -0700] "GET /MissingChildren/list_customers.php HTTP/1.1" 200 833 "http://localhost/missingchildren/" "Mozilla/5.0 (Windows NT 10.0; Win64; x64) AppleWebKit/537.36 (KHTML, like Gecko) Chrome/74.0.3729.169 Safari/537.36"
::1 - - [06/Jun/2019:18:34:47 -0700] "GET /MissingChildren/base.css HTTP/1.1" 304 - "http://localhost/MissingChildren/list_customers.php" "Mozilla/5.0 (Windows NT 10.0; Win64; x64) AppleWebKit/537.36 (KHTML, like Gecko) Chrome/74.0.3729.169 Safari/537.36"
::1 - - [06/Jun/2019:18:35:25 -0700] "GET / HTTP/1.1" 302 - "-" "Mozilla/5.0 (Windows NT 10.0; Win64; x64) AppleWebKit/537.36 (KHTML, like Gecko) Chrome/74.0.3729.169 Safari/537.36"
::1 - - [06/Jun/2019:18:35:25 -0700] "GET /missingchildren/ HTTP/1.1" 200 541 "-" "Mozilla/5.0 (Windows NT 10.0; Win64; x64) AppleWebKit/537.36 (KHTML, like Gecko) Chrome/74.0.3729.169 Safari/537.36"
::1 - - [06/Jun/2019:18:35:26 -0700] "GET /missingchildren/list_customers.php HTTP/1.1" 200 792 "http://localhost/missingchildren/" "Mozilla/5.0 (Windows NT 10.0; Win64; x64) AppleWebKit/537.36 (KHTML, like Gecko) Chrome/74.0.3729.169 Safari/537.36"
::1 - - [06/Jun/2019:18:35:28 -0700] "GET /missingchildren/list_customers.php HTTP/1.1" 200 792 "http://localhost/missingchildren/" "Mozilla/5.0 (Windows NT 10.0; Win64; x64) AppleWebKit/537.36 (KHTML, like Gecko) Chrome/74.0.3729.169 Safari/537.36"
::1 - - [06/Jun/2019:18:35:31 -0700] "GET /missingchildren/index.php HTTP/1.1" 200 541 "http://localhost/missingchildren/" "Mozilla/5.0 (Windows NT 10.0; Win64; x64) AppleWebKit/537.36 (KHTML, like Gecko) Chrome/74.0.3729.169 Safari/537.36"
::1 - - [06/Jun/2019:18:35:30 -0700] "GET /missingchildren/list_products.php HTTP/1.1" 200 833 "http://localhost/missingchildren/" "Mozilla/5.0 (Windows NT 10.0; Win64; x64) AppleWebKit/537.36 (KHTML, like Gecko) Chrome/74.0.3729.169 Safari/537.36"
::1 - - [06/Jun/2019:18:35:32 -0700] "GET /missingchildren/index.php HTTP/1.1" 200 541 "http://localhost/missingchildren/index.php" "Mozilla/5.0 (Windows NT 10.0; Win64; x64) AppleWebKit/537.36 (KHTML, like Gecko) Chrome/74.0.3729.169 Safari/537.36"
::1 - - [06/Jun/2019:18:35:33 -0700] "GET /missingchildren/list_customers.php HTTP/1.1" 200 792 "http://localhost/missingchildren/index.php" "Mozilla/5.0 (Windows NT 10.0; Win64; x64) AppleWebKit/537.36 (KHTML, like Gecko) Chrome/74.0.3729.169 Safari/537.36"
::1 - - [06/Jun/2019:18:35:34 -0700] "GET /missingchildren/list_products.php HTTP/1.1" 200 833 "http://localhost/missingchildren/index.php" "Mozilla/5.0 (Windows NT 10.0; Win64; x64) AppleWebKit/537.36 (KHTML, like Gecko) Chrome/74.0.3729.169 Safari/537.36"
::1 - - [06/Jun/2019:18:35:35 -0700] "GET /missingchildren/list_products.php HTTP/1.1" 200 833 "http://localhost/missingchildren/index.php" "Mozilla/5.0 (Windows NT 10.0; Win64; x64) AppleWebKit/537.36 (KHTML, like Gecko) Chrome/74.0.3729.169 Safari/537.36"
::1 - - [06/Jun/2019:18:35:35 -0700] "GET /missingchildren/list_products.php HTTP/1.1" 200 833 "http://localhost/missingchildren/index.php" "Mozilla/5.0 (Windows NT 10.0; Win64; x64) AppleWebKit/537.36 (KHTML, like Gecko) Chrome/74.0.3729.169 Safari/537.36"
::1 - - [06/Jun/2019:18:35:36 -0700] "GET /missingchildren/list_customers.php HTTP/1.1" 200 792 "http://localhost/missingchildren/index.php" "Mozilla/5.0 (Windows NT 10.0; Win64; x64) AppleWebKit/537.36 (KHTML, like Gecko) Chrome/74.0.3729.169 Safari/537.36"
::1 - - [06/Jun/2019:18:35:42 -0700] "GET /missingchildren/list_products.php HTTP/1.1" 200 833 "http://localhost/missingchildren/list_customers.php" "Mozilla/5.0 (Windows NT 10.0; Win64; x64) AppleWebKit/537.36 (KHTML, like Gecko) Chrome/74.0.3729.169 Safari/537.36"
::1 - - [06/Jun/2019:18:35:47 -0700] "GET /missingchildren/list_customers.php HTTP/1.1" 200 792 "http://localhost/missingchildren/list_products.php" "Mozilla/5.0 (Windows NT 10.0; Win64; x64) AppleWebKit/537.36 (KHTML, like Gecko) Chrome/74.0.3729.169 Safari/537.36"
::1 - - [06/Jun/2019:18:36:16 -0700] "GET / HTTP/1.1" 302 - "-" "Mozilla/5.0 (Windows NT 10.0; Win64; x64) AppleWebKit/537.36 (KHTML, like Gecko) Chrome/74.0.3729.169 Safari/537.36"
::1 - - [06/Jun/2019:18:36:16 -0700] "GET /missingchildren/ HTTP/1.1" 200 541 "-" "Mozilla/5.0 (Windows NT 10.0; Win64; x64) AppleWebKit/537.36 (KHTML, like Gecko) Chrome/74.0.3729.169 Safari/537.36"
::1 - - [06/Jun/2019:18:36:42 -0700] "GET /phpmyadmin/ HTTP/1.1" 200 14093 "-" "Mozilla/5.0 (Windows NT 10.0; Win64; x64) AppleWebKit/537.36 (KHTML, like Gecko) Chrome/74.0.3729.169 Safari/537.36"
::1 - - [06/Jun/2019:18:36:43 -0700] "GET /phpmyadmin/js/whitelist.php?v=4.9.0.1 HTTP/1.1" 200 491 "-" "Mozilla/5.0 (Windows NT 10.0; Win64; x64) AppleWebKit/537.36 (KHTML, like Gecko) Chrome/74.0.3729.169 Safari/537.36"
::1 - - [06/Jun/2019:18:36:43 -0700] "GET /phpmyadmin/js/messages.php?l=en&v=4.9.0.1 HTTP/1.1" 200 8837 "-" "Mozilla/5.0 (Windows NT 10.0; Win64; x64) AppleWebKit/537.36 (KHTML, like Gecko) Chrome/74.0.3729.169 Safari/537.36"
::1 - - [06/Jun/2019:18:36:43 -0700] "GET /phpmyadmin/phpmyadmin.css.php?nocache=6125811155ltr&server=1 HTTP/1.1" 200 20812 "-" "Mozilla/5.0 (Windows NT 10.0; Win64; x64) AppleWebKit/537.36 (KHTML, like Gecko) Chrome/74.0.3729.169 Safari/537.36"
::1 - - [06/Jun/2019:18:36:44 -0700] "POST /phpmyadmin/navigation.php?ajax_request=1 HTTP/1.1" 200 2036 "-" "Mozilla/5.0 (Windows NT 10.0; Win64; x64) AppleWebKit/537.36 (KHTML, like Gecko) Chrome/74.0.3729.169 Safari/537.36"
::1 - - [06/Jun/2019:18:36:44 -0700] "POST /phpmyadmin/ajax.php HTTP/1.1" 200 1480 "-" "Mozilla/5.0 (Windows NT 10.0; Win64; x64) AppleWebKit/537.36 (KHTML, like Gecko) Chrome/74.0.3729.169 Safari/537.36"
::1 - - [06/Jun/2019:18:36:45 -0700] "POST /phpmyadmin/ajax.php HTTP/1.1" 200 1375 "-" "Mozilla/5.0 (Windows NT 10.0; Win64; x64) AppleWebKit/537.36 (KHTML, like Gecko) Chrome/74.0.3729.169 Safari/537.36"
::1 - - [06/Jun/2019:18:36:45 -0700] "POST /phpmyadmin/version_check.php HTTP/1.1" 200 48 "-" "Mozilla/5.0 (Windows NT 10.0; Win64; x64) AppleWebKit/537.36 (KHTML, like Gecko) Chrome/74.0.3729.169 Safari/537.36"
::1 - - [06/Jun/2019:18:36:45 -0700] "POST /phpmyadmin/db_structure.php?ajax_request=1&favorite_table=1&sync_favorite_tables=1 HTTP/1.1" 200 137 "-" "Mozilla/5.0 (Windows NT 10.0; Win64; x64) AppleWebKit/537.36 (KHTML, like Gecko) Chrome/74.0.3729.169 Safari/537.36"
::1 - - [06/Jun/2019:18:36:48 -0700] "POST /phpmyadmin/ajax.php HTTP/1.1" 200 1375 "-" "Mozilla/5.0 (Windows NT 10.0; Win64; x64) AppleWebKit/537.36 (KHTML, like Gecko) Chrome/74.0.3729.169 Safari/537.36"
::1 - - [06/Jun/2019:18:36:50 -0700] "GET /phpmyadmin/server_databases.php?server=1&ajax_request=true&ajax_page_request=true&_nocache=1559871410223598806&token=K%7FGZ%5D8%2C%3AH%25%5Boh8Dn HTTP/1.1" 200 6940 "-" "Mozilla/5.0 (Windows NT 10.0; Win64; x64) AppleWebKit/537.36 (KHTML, like Gecko) Chrome/74.0.3729.169 Safari/537.36"
::1 - - [06/Jun/2019:18:36:52 -0700] "POST /phpmyadmin/ajax.php HTTP/1.1" 200 1375 "-" "Mozilla/5.0 (Windows NT 10.0; Win64; x64) AppleWebKit/537.36 (KHTML, like Gecko) Chrome/74.0.3729.169 Safari/537.36"
::1 - - [06/Jun/2019:18:36:57 -0700] "POST /phpmyadmin/server_databases.php HTTP/1.1" 200 1787 "-" "Mozilla/5.0 (Windows NT 10.0; Win64; x64) AppleWebKit/537.36 (KHTML, like Gecko) Chrome/74.0.3729.169 Safari/537.36"
::1 - - [06/Jun/2019:18:36:57 -0700] "GET /phpmyadmin/db_structure.php?db=missingchildren&ajax_request=true&ajax_page_request=true&_nocache=1559871417340490917&token=K%7FGZ%5D8%2C%3AH%25%5Boh8Dn HTTP/1.1" 200 2781 "-" "Mozilla/5.0 (Windows NT 10.0; Win64; x64) AppleWebKit/537.36 (KHTML, like Gecko) Chrome/74.0.3729.169 Safari/537.36"
::1 - - [06/Jun/2019:18:36:57 -0700] "POST /phpmyadmin/navigation.php?ajax_request=1 HTTP/1.1" 200 2081 "-" "Mozilla/5.0 (Windows NT 10.0; Win64; x64) AppleWebKit/537.36 (KHTML, like Gecko) Chrome/74.0.3729.169 Safari/537.36"
::1 - - [06/Jun/2019:18:36:58 -0700] "GET /phpmyadmin/navigation.php?ajax_request=1&aPath=cm9vdA%3D%3D.bWlzc2luZ2NoaWxkcmVu&vPath=cm9vdA%3D%3D.bWlzc2luZ2NoaWxkcmVu&pos=0&pos2_name=&pos2_value=&searchClause=&searchClause2=&_nocache=155987141802284826&token=K%7FGZ%5D8%2C%3AH%25%5Boh8Dn HTTP/1.1" 200 1397 "-" "Mozilla/5.0 (Windows NT 10.0; Win64; x64) AppleWebKit/537.36 (KHTML, like Gecko) Chrome/74.0.3729.169 Safari/537.36"
::1 - - [06/Jun/2019:18:37:01 -0700] "GET /phpmyadmin/db_export.php?db=missingchildren&ajax_request=true&ajax_page_request=true&_nocache=1559871421154872537&token=K%7FGZ%5D8%2C%3AH%25%5Boh8Dn HTTP/1.1" 200 6686 "-" "Mozilla/5.0 (Windows NT 10.0; Win64; x64) AppleWebKit/537.36 (KHTML, like Gecko) Chrome/74.0.3729.169 Safari/537.36"
::1 - - [06/Jun/2019:18:37:01 -0700] "GET /phpmyadmin/themes/pmahomme/img/s_error.png HTTP/1.1" 200 614 "http://localhost/phpmyadmin/phpmyadmin.css.php?nocache=6125811155ltr&server=1" "Mozilla/5.0 (Windows NT 10.0; Win64; x64) AppleWebKit/537.36 (KHTML, like Gecko) Chrome/74.0.3729.169 Safari/537.36"
::1 - - [06/Jun/2019:18:37:01 -0700] "GET /phpmyadmin/js/export.js?v=4.9.0.1 HTTP/1.1" 200 35062 "-" "Mozilla/5.0 (Windows NT 10.0; Win64; x64) AppleWebKit/537.36 (KHTML, like Gecko) Chrome/74.0.3729.169 Safari/537.36"
::1 - - [06/Jun/2019:18:37:03 -0700] "GET /phpmyadmin/db_import.php?db=missingchildren&ajax_request=true&ajax_page_request=true&_nocache=1559871423633180963&token=K%7FGZ%5D8%2C%3AH%25%5Boh8Dn HTTP/1.1" 200 6493 "-" "Mozilla/5.0 (Windows NT 10.0; Win64; x64) AppleWebKit/537.36 (KHTML, like Gecko) Chrome/74.0.3729.169 Safari/537.36"
::1 - - [06/Jun/2019:18:37:51 -0700] "POST /phpmyadmin/import.php HTTP/1.1" 200 7820 "-" "Mozilla/5.0 (Windows NT 10.0; Win64; x64) AppleWebKit/537.36 (KHTML, like Gecko) Chrome/74.0.3729.169 Safari/537.36"
::1 - - [06/Jun/2019:18:37:54 -0700] "GET /phpmyadmin/phpmyadmin.css.php?nocache=6126370844ltr&server=1 HTTP/1.1" 200 20812 "-" "Mozilla/5.0 (Windows NT 10.0; Win64; x64) AppleWebKit/537.36 (KHTML, like Gecko) Chrome/74.0.3729.169 Safari/537.36"
::1 - - [06/Jun/2019:18:37:55 -0700] "POST /phpmyadmin/navigation.php?ajax_request=1 HTTP/1.1" 200 4133 "-" "Mozilla/5.0 (Windows NT 10.0; Win64; x64) AppleWebKit/537.36 (KHTML, like Gecko) Chrome/74.0.3729.169 Safari/537.36"
::1 - - [06/Jun/2019:18:37:55 -0700] "POST /phpmyadmin/ajax.php HTTP/1.1" 200 1480 "-" "Mozilla/5.0 (Windows NT 10.0; Win64; x64) AppleWebKit/537.36 (KHTML, like Gecko) Chrome/74.0.3729.169 Safari/537.36"
::1 - - [06/Jun/2019:18:37:56 -0700] "POST /phpmyadmin/ajax.php HTTP/1.1" 200 1375 "-" "Mozilla/5.0 (Windows NT 10.0; Win64; x64) AppleWebKit/537.36 (KHTML, like Gecko) Chrome/74.0.3729.169 Safari/537.36"
::1 - - [06/Jun/2019:18:37:59 -0700] "POST /phpmyadmin/ajax.php HTTP/1.1" 200 1375 "-" "Mozilla/5.0 (Windows NT 10.0; Win64; x64) AppleWebKit/537.36 (KHTML, like Gecko) Chrome/74.0.3729.169 Safari/537.36"
::1 - - [06/Jun/2019:18:38:02 -0700] "GET /phpmyadmin/db_structure.php?server=1&db=missingchildren&ajax_request=true&ajax_page_request=true&_nocache=1559871482757902902&token=K%7FGZ%5D8%2C%3AH%25%5Boh8Dn HTTP/1.1" 200 10986 "-" "Mozilla/5.0 (Windows NT 10.0; Win64; x64) AppleWebKit/537.36 (KHTML, like Gecko) Chrome/74.0.3729.169 Safari/537.36"
::1 - - [06/Jun/2019:18:38:03 -0700] "GET /phpmyadmin/themes/pmahomme/img/b_select.png HTTP/1.1" 200 593 "http://localhost/phpmyadmin/phpmyadmin.css.php?nocache=6126370844ltr&server=1" "Mozilla/5.0 (Windows NT 10.0; Win64; x64) AppleWebKit/537.36 (KHTML, like Gecko) Chrome/74.0.3729.169 Safari/537.36"
::1 - - [06/Jun/2019:18:38:03 -0700] "GET /phpmyadmin/themes/pmahomme/img/b_empty.png HTTP/1.1" 200 521 "http://localhost/phpmyadmin/phpmyadmin.css.php?nocache=6126370844ltr&server=1" "Mozilla/5.0 (Windows NT 10.0; Win64; x64) AppleWebKit/537.36 (KHTML, like Gecko) Chrome/74.0.3729.169 Safari/537.36"
::1 - - [06/Jun/2019:18:38:07 -0700] "POST /phpmyadmin/ajax.php HTTP/1.1" 200 1375 "-" "Mozilla/5.0 (Windows NT 10.0; Win64; x64) AppleWebKit/537.36 (KHTML, like Gecko) Chrome/74.0.3729.169 Safari/537.36"
::1 - - [06/Jun/2019:18:38:11 -0700] "GET /missingchildren/list_customers.php HTTP/1.1" 200 1057 "http://localhost/missingchildren/list_customers.php" "Mozilla/5.0 (Windows NT 10.0; Win64; x64) AppleWebKit/537.36 (KHTML, like Gecko) Chrome/74.0.3729.169 Safari/537.36"
::1 - - [06/Jun/2019:18:38:14 -0700] "GET /missingchildren/index.php HTTP/1.1" 200 541 "http://localhost/missingchildren/list_customers.php" "Mozilla/5.0 (Windows NT 10.0; Win64; x64) AppleWebKit/537.36 (KHTML, like Gecko) Chrome/74.0.3729.169 Safari/537.36"
::1 - - [06/Jun/2019:18:38:16 -0700] "GET /missingchildren/list_customers.php HTTP/1.1" 200 1057 "http://localhost/missingchildren/index.php" "Mozilla/5.0 (Windows NT 10.0; Win64; x64) AppleWebKit/537.36 (KHTML, like Gecko) Chrome/74.0.3729.169 Safari/537.36"
::1 - - [06/Jun/2019:18:38:17 -0700] "GET /missingchildren/index.php HTTP/1.1" 200 541 "http://localhost/missingchildren/list_customers.php" "Mozilla/5.0 (Windows NT 10.0; Win64; x64) AppleWebKit/537.36 (KHTML, like Gecko) Chrome/74.0.3729.169 Safari/537.36"
::1 - - [06/Jun/2019:18:38:17 -0700] "GET /missingchildren/list_customers.php HTTP/1.1" 200 1057 "http://localhost/missingchildren/index.php" "Mozilla/5.0 (Windows NT 10.0; Win64; x64) AppleWebKit/537.36 (KHTML, like Gecko) Chrome/74.0.3729.169 Safari/537.36"
::1 - - [06/Jun/2019:18:38:19 -0700] "GET /missingchildren/show_customer.php?id=8 HTTP/1.1" 200 511 "http://localhost/missingchildren/list_customers.php" "Mozilla/5.0 (Windows NT 10.0; Win64; x64) AppleWebKit/537.36 (KHTML, like Gecko) Chrome/74.0.3729.169 Safari/537.36"
::1 - - [06/Jun/2019:18:38:20 -0700] "GET /missingchildren/list_customers.php HTTP/1.1" 200 1057 "http://localhost/missingchildren/show_customer.php?id=8" "Mozilla/5.0 (Windows NT 10.0; Win64; x64) AppleWebKit/537.36 (KHTML, like Gecko) Chrome/74.0.3729.169 Safari/537.36"
::1 - - [06/Jun/2019:18:38:21 -0700] "GET /missingchildren/index.php HTTP/1.1" 200 541 "http://localhost/missingchildren/list_customers.php" "Mozilla/5.0 (Windows NT 10.0; Win64; x64) AppleWebKit/537.36 (KHTML, like Gecko) Chrome/74.0.3729.169 Safari/537.36"
::1 - - [06/Jun/2019:18:40:37 -0700] "GET /missingchildren/index.php HTTP/1.1" 200 548 "-" "Mozilla/5.0 (Windows NT 10.0; Win64; x64) AppleWebKit/537.36 (KHTML, like Gecko) Chrome/74.0.3729.169 Safari/537.36"
::1 - - [06/Jun/2019:18:40:39 -0700] "GET /missingchildren/list_customers.php HTTP/1.1" 200 1064 "http://localhost/missingchildren/index.php" "Mozilla/5.0 (Windows NT 10.0; Win64; x64) AppleWebKit/537.36 (KHTML, like Gecko) Chrome/74.0.3729.169 Safari/537.36"
::1 - - [06/Jun/2019:18:40:40 -0700] "GET /missingchildren/list_products.php HTTP/1.1" 200 523 "http://localhost/missingchildren/list_customers.php" "Mozilla/5.0 (Windows NT 10.0; Win64; x64) AppleWebKit/537.36 (KHTML, like Gecko) Chrome/74.0.3729.169 Safari/537.36"
::1 - - [06/Jun/2019:18:40:41 -0700] "GET /missingchildren/list_customers.php HTTP/1.1" 200 1064 "http://localhost/missingchildren/list_products.php" "Mozilla/5.0 (Windows NT 10.0; Win64; x64) AppleWebKit/537.36 (KHTML, like Gecko) Chrome/74.0.3729.169 Safari/537.36"
::1 - - [06/Jun/2019:18:40:42 -0700] "GET /missingchildren/index.php HTTP/1.1" 200 548 "http://localhost/missingchildren/list_customers.php" "Mozilla/5.0 (Windows NT 10.0; Win64; x64) AppleWebKit/537.36 (KHTML, like Gecko) Chrome/74.0.3729.169 Safari/537.36"
::1 - - [06/Jun/2019:18:40:43 -0700] "GET /missingchildren/list_customers.php HTTP/1.1" 200 1064 "http://localhost/missingchildren/index.php" "Mozilla/5.0 (Windows NT 10.0; Win64; x64) AppleWebKit/537.36 (KHTML, like Gecko) Chrome/74.0.3729.169 Safari/537.36"
::1 - - [06/Jun/2019:18:40:44 -0700] "GET /missingchildren/index.php HTTP/1.1" 200 548 "http://localhost/missingchildren/list_customers.php" "Mozilla/5.0 (Windows NT 10.0; Win64; x64) AppleWebKit/537.36 (KHTML, like Gecko) Chrome/74.0.3729.169 Safari/537.36"
