[Thu Jun 06 18:21:59.497265 2019] [ssl:warn] [pid 9140:tid 612] AH01909: www.example.com:443:0 server certificate does NOT include an ID which matches the server name
[Thu Jun 06 18:21:59.648180 2019] [ssl:warn] [pid 9140:tid 612] AH01909: www.example.com:443:0 server certificate does NOT include an ID which matches the server name
[Thu Jun 06 18:22:01.029834 2019] [mpm_winnt:notice] [pid 9140:tid 612] AH00455: Apache/2.4.39 (Win64) OpenSSL/1.1.1c PHP/7.3.6 configured -- resuming normal operations
[Thu Jun 06 18:22:01.029834 2019] [mpm_winnt:notice] [pid 9140:tid 612] AH00456: Apache Lounge VC15 Server built: May 29 2019 11:22:50
[Thu Jun 06 18:22:01.029834 2019] [core:notice] [pid 9140:tid 612] AH00094: Command line: 'c:\\users\\moabd\\onedrive\\desktop\\missingchildrendb\\apache\\bin\\httpd.exe -d C:/Users/moabd/OneDrive/Desktop/MissingChildrenDB/apache'
[Thu Jun 06 18:22:01.044941 2019] [mpm_winnt:notice] [pid 9140:tid 612] AH00418: Parent: Created child process 21160
[Thu Jun 06 18:22:01.930775 2019] [ssl:warn] [pid 21160:tid 584] AH01909: www.example.com:443:0 server certificate does NOT include an ID which matches the server name
[Thu Jun 06 18:22:02.021265 2019] [ssl:warn] [pid 21160:tid 584] AH01909: www.example.com:443:0 server certificate does NOT include an ID which matches the server name
[Thu Jun 06 18:22:02.055900 2019] [mpm_winnt:notice] [pid 21160:tid 584] AH00354: Child: Starting 150 worker threads.
[Thu Jun 06 18:34:11.997680 2019] [php7:warn] [pid 21160:tid 1848] [client ::1:50435] PHP Warning:  require_once(MissingChildren/header.inc.php): failed to open stream: No such file or directory in C:\\Users\\moabd\\OneDrive\\Desktop\\MissingChildrenDB\\htdocs\\MissingChildren\\index.php on line 15
[Thu Jun 06 18:34:11.998676 2019] [php7:error] [pid 21160:tid 1848] [client ::1:50435] PHP Fatal error:  require_once(): Failed opening required 'MissingChildren/header.inc.php' (include_path='C:\\Users\\moabd\\OneDrive\\Desktop\\MissingChildrenDB\\php\\PEAR') in C:\\Users\\moabd\\OneDrive\\Desktop\\MissingChildrenDB\\htdocs\\MissingChildren\\index.php on line 15
[Thu Jun 06 18:34:47.478819 2019] [php7:warn] [pid 21160:tid 1864] [client ::1:50446] PHP Warning:  mysqli::__construct(): (HY000/2002): No connection could be made because the target machine actively refused it.\r\n in C:\\Users\\moabd\\OneDrive\\Desktop\\MissingChildrenDB\\htdocs\\MissingChildren\\list_customers.php on line 23, referer: http://localhost/missingchildren/
[Thu Jun 06 18:35:28.973266 2019] [php7:warn] [pid 21160:tid 1848] [client ::1:50454] PHP Warning:  mysqli::__construct(): (HY000/2002): No connection could be made because the target machine actively refused it.\r\n in C:\\Users\\moabd\\OneDrive\\Desktop\\MissingChildrenDB\\htdocs\\MissingChildren\\list_customers.php on line 23, referer: http://localhost/missingchildren/
[Thu Jun 06 18:35:31.021757 2019] [php7:warn] [pid 21160:tid 1864] [client ::1:50455] PHP Warning:  mysqli::__construct(): (HY000/2002): No connection could be made because the target machine actively refused it.\r\n in C:\\Users\\moabd\\OneDrive\\Desktop\\MissingChildrenDB\\htdocs\\MissingChildren\\list_customers.php on line 23, referer: http://localhost/missingchildren/
[Thu Jun 06 18:35:32.515796 2019] [php7:warn] [pid 21160:tid 1848] [client ::1:50458] PHP Warning:  mysqli::__construct(): (HY000/2002): No connection could be made because the target machine actively refused it.\r\n in C:\\Users\\moabd\\OneDrive\\Desktop\\MissingChildrenDB\\htdocs\\MissingChildren\\list_products.php on line 24, referer: http://localhost/missingchildren/
[Thu Jun 06 18:35:35.279413 2019] [php7:warn] [pid 21160:tid 1844] [client ::1:50462] PHP Warning:  mysqli::__construct(): (HY000/2002): No connection could be made because the target machine actively refused it.\r\n in C:\\Users\\moabd\\OneDrive\\Desktop\\MissingChildrenDB\\htdocs\\MissingChildren\\list_customers.php on line 23, referer: http://localhost/missingchildren/index.php
[Thu Jun 06 18:35:36.326394 2019] [php7:warn] [pid 21160:tid 1864] [client ::1:50464] PHP Warning:  mysqli::__construct(): (HY000/2002): No connection could be made because the target machine actively refused it.\r\n in C:\\Users\\moabd\\OneDrive\\Desktop\\MissingChildrenDB\\htdocs\\MissingChildren\\list_products.php on line 24, referer: http://localhost/missingchildren/index.php
[Thu Jun 06 18:35:37.352749 2019] [php7:warn] [pid 21160:tid 1848] [client ::1:50469] PHP Warning:  mysqli::__construct(): (HY000/2002): No connection could be made because the target machine actively refused it.\r\n in C:\\Users\\moabd\\OneDrive\\Desktop\\MissingChildrenDB\\htdocs\\MissingChildren\\list_products.php on line 24, referer: http://localhost/missingchildren/index.php
[Thu Jun 06 18:35:37.531535 2019] [php7:warn] [pid 21160:tid 1844] [client ::1:50471] PHP Warning:  mysqli::__construct(): (HY000/2002): No connection could be made because the target machine actively refused it.\r\n in C:\\Users\\moabd\\OneDrive\\Desktop\\MissingChildrenDB\\htdocs\\MissingChildren\\list_products.php on line 24, referer: http://localhost/missingchildren/index.php
[Thu Jun 06 18:35:38.913288 2019] [php7:warn] [pid 21160:tid 1836] [client ::1:50473] PHP Warning:  mysqli::__construct(): (HY000/2002): No connection could be made because the target machine actively refused it.\r\n in C:\\Users\\moabd\\OneDrive\\Desktop\\MissingChildrenDB\\htdocs\\MissingChildren\\list_customers.php on line 23, referer: http://localhost/missingchildren/index.php
[Thu Jun 06 18:35:44.344049 2019] [php7:warn] [pid 21160:tid 1836] [client ::1:50473] PHP Warning:  mysqli::__construct(): (HY000/2002): No connection could be made because the target machine actively refused it.\r\n in C:\\Users\\moabd\\OneDrive\\Desktop\\MissingChildrenDB\\htdocs\\MissingChildren\\list_products.php on line 24, referer: http://localhost/missingchildren/list_customers.php
[Thu Jun 06 18:35:49.398745 2019] [php7:warn] [pid 21160:tid 1836] [client ::1:50473] PHP Warning:  mysqli::__construct(): (HY000/2002): No connection could be made because the target machine actively refused it.\r\n in C:\\Users\\moabd\\OneDrive\\Desktop\\MissingChildrenDB\\htdocs\\MissingChildren\\list_customers.php on line 23, referer: http://localhost/missingchildren/list_products.php
[Thu Jun 06 18:50:05.421774 2019] [ssl:warn] [pid 29452:tid 520] AH01909: www.example.com:443:0 server certificate does NOT include an ID which matches the server name
[Thu Jun 06 18:50:05.596004 2019] [core:warn] [pid 29452:tid 520] AH00098: pid file C:/Users/moabd/OneDrive/Desktop/MissingChildrenDB/apache/logs/httpd.pid overwritten -- Unclean shutdown of previous Apache run?
[Thu Jun 06 18:50:05.600567 2019] [ssl:warn] [pid 29452:tid 520] AH01909: www.example.com:443:0 server certificate does NOT include an ID which matches the server name
[Thu Jun 06 18:50:05.718546 2019] [mpm_winnt:notice] [pid 29452:tid 520] AH00455: Apache/2.4.39 (Win64) OpenSSL/1.1.1c PHP/7.3.6 configured -- resuming normal operations
[Thu Jun 06 18:50:05.718546 2019] [mpm_winnt:notice] [pid 29452:tid 520] AH00456: Apache Lounge VC15 Server built: May 29 2019 11:22:50
[Thu Jun 06 18:50:05.718546 2019] [core:notice] [pid 29452:tid 520] AH00094: Command line: 'c:\\users\\moabd\\onedrive\\desktop\\missingchildrendb\\apache\\bin\\httpd.exe -d C:/Users/moabd/OneDrive/Desktop/MissingChildrenDB/apache'
[Thu Jun 06 18:50:05.740253 2019] [mpm_winnt:notice] [pid 29452:tid 520] AH00418: Parent: Created child process 20900
[Thu Jun 06 18:50:07.590669 2019] [ssl:warn] [pid 20900:tid 700] AH01909: www.example.com:443:0 server certificate does NOT include an ID which matches the server name
[Thu Jun 06 18:50:07.784067 2019] [ssl:warn] [pid 20900:tid 700] AH01909: www.example.com:443:0 server certificate does NOT include an ID which matches the server name
[Thu Jun 06 18:50:07.880560 2019] [mpm_winnt:notice] [pid 20900:tid 700] AH00354: Child: Starting 150 worker threads.
[Thu Jun 06 23:39:46.109618 2019] [ssl:warn] [pid 4804:tid 592] AH01909: www.example.com:443:0 server certificate does NOT include an ID which matches the server name
[Thu Jun 06 23:39:46.224590 2019] [core:warn] [pid 4804:tid 592] AH00098: pid file C:/Users/moabd/OneDrive/Desktop/MissingChildrenDB/apache/logs/httpd.pid overwritten -- Unclean shutdown of previous Apache run?
[Thu Jun 06 23:39:46.234087 2019] [ssl:warn] [pid 4804:tid 592] AH01909: www.example.com:443:0 server certificate does NOT include an ID which matches the server name
[Thu Jun 06 23:39:46.311011 2019] [mpm_winnt:notice] [pid 4804:tid 592] AH00455: Apache/2.4.39 (Win64) OpenSSL/1.1.1c PHP/7.3.6 configured -- resuming normal operations
[Thu Jun 06 23:39:46.311011 2019] [mpm_winnt:notice] [pid 4804:tid 592] AH00456: Apache Lounge VC15 Server built: May 29 2019 11:22:50
[Thu Jun 06 23:39:46.311011 2019] [core:notice] [pid 4804:tid 592] AH00094: Command line: 'c:\\users\\moabd\\onedrive\\desktop\\missingchildrendb\\apache\\bin\\httpd.exe -d C:/Users/moabd/OneDrive/Desktop/MissingChildrenDB/apache'
[Thu Jun 06 23:39:46.328333 2019] [mpm_winnt:notice] [pid 4804:tid 592] AH00418: Parent: Created child process 34632
[Thu Jun 06 23:39:47.223515 2019] [ssl:warn] [pid 34632:tid 572] AH01909: www.example.com:443:0 server certificate does NOT include an ID which matches the server name
[Thu Jun 06 23:39:47.330074 2019] [ssl:warn] [pid 34632:tid 572] AH01909: www.example.com:443:0 server certificate does NOT include an ID which matches the server name
[Thu Jun 06 23:39:47.414750 2019] [mpm_winnt:notice] [pid 34632:tid 572] AH00354: Child: Starting 150 worker threads.
[Thu Jun 06 23:45:57.926614 2019] [mpm_winnt:crit] [pid 34632:tid 572] AH02538: Child: Parent process exited abruptly. Child process is ending
[Fri Jun 07 17:26:14.443888 2019] [ssl:warn] [pid 20152:tid 596] AH01909: www.example.com:443:0 server certificate does NOT include an ID which matches the server name
[Fri Jun 07 17:26:14.517692 2019] [core:warn] [pid 20152:tid 596] AH00098: pid file C:/Users/moabd/OneDrive/Desktop/MissingChildrenDB/apache/logs/httpd.pid overwritten -- Unclean shutdown of previous Apache run?
[Fri Jun 07 17:26:14.521681 2019] [ssl:warn] [pid 20152:tid 596] AH01909: www.example.com:443:0 server certificate does NOT include an ID which matches the server name
[Fri Jun 07 17:26:16.893446 2019] [mpm_winnt:notice] [pid 20152:tid 596] AH00455: Apache/2.4.39 (Win64) OpenSSL/1.1.1c PHP/7.3.6 configured -- resuming normal operations
[Fri Jun 07 17:26:16.893446 2019] [mpm_winnt:notice] [pid 20152:tid 596] AH00456: Apache Lounge VC15 Server built: May 29 2019 11:22:50
[Fri Jun 07 17:26:16.894442 2019] [core:notice] [pid 20152:tid 596] AH00094: Command line: 'c:\\users\\moabd\\onedrive\\desktop\\missingchildrendb\\apache\\bin\\httpd.exe -d C:/Users/moabd/OneDrive/Desktop/MissingChildrenDB/apache'
[Fri Jun 07 17:26:16.901393 2019] [mpm_winnt:notice] [pid 20152:tid 596] AH00418: Parent: Created child process 31024
[Fri Jun 07 17:26:17.371136 2019] [ssl:warn] [pid 31024:tid 580] AH01909: www.example.com:443:0 server certificate does NOT include an ID which matches the server name
[Fri Jun 07 17:26:17.424992 2019] [ssl:warn] [pid 31024:tid 580] AH01909: www.example.com:443:0 server certificate does NOT include an ID which matches the server name
[Fri Jun 07 17:26:17.448928 2019] [mpm_winnt:notice] [pid 31024:tid 580] AH00354: Child: Starting 150 worker threads.
[Fri Jun 07 17:36:26.000899 2019] [php7:warn] [pid 31024:tid 1840] [client ::1:55408] PHP Warning:  mysqli_stmt::bind_param(): Number of variables doesn't match number of parameters in prepared statement in C:\\Users\\moabd\\OneDrive\\Desktop\\MissingChildrenDB\\htdocs\\MissingChildren\\show_customer.php on line 54, referer: http://localhost/missingchildren/list_customers.php
[Fri Jun 07 17:36:26.000899 2019] [php7:notice] [pid 31024:tid 1840] [client ::1:55408] PHP Notice:  Undefined variable: customerNumber in C:\\Users\\moabd\\OneDrive\\Desktop\\MissingChildrenDB\\htdocs\\MissingChildren\\show_customer.php on line 69, referer: http://localhost/missingchildren/list_customers.php
[Fri Jun 07 17:36:59.204710 2019] [php7:warn] [pid 31024:tid 1812] [client ::1:55444] PHP Warning:  mysqli_stmt::bind_param(): Number of variables doesn't match number of parameters in prepared statement in C:\\Users\\moabd\\OneDrive\\Desktop\\MissingChildrenDB\\htdocs\\MissingChildren\\show_customer.php on line 54, referer: http://localhost/missingchildren/show_customer.php?id=8
[Fri Jun 07 17:36:59.204710 2019] [php7:notice] [pid 31024:tid 1812] [client ::1:55444] PHP Notice:  Undefined variable: customerNumber in C:\\Users\\moabd\\OneDrive\\Desktop\\MissingChildrenDB\\htdocs\\MissingChildren\\show_customer.php on line 69, referer: http://localhost/missingchildren/show_customer.php?id=8
[Fri Jun 07 17:37:00.630388 2019] [php7:warn] [pid 31024:tid 1812] [client ::1:55444] PHP Warning:  mysqli_stmt::bind_param(): Number of variables doesn't match number of parameters in prepared statement in C:\\Users\\moabd\\OneDrive\\Desktop\\MissingChildrenDB\\htdocs\\MissingChildren\\show_customer.php on line 54, referer: http://localhost/missingchildren/show_customer.php?id=2
[Fri Jun 07 17:37:00.631346 2019] [php7:notice] [pid 31024:tid 1812] [client ::1:55444] PHP Notice:  Undefined variable: customerNumber in C:\\Users\\moabd\\OneDrive\\Desktop\\MissingChildrenDB\\htdocs\\MissingChildren\\show_customer.php on line 69, referer: http://localhost/missingchildren/show_customer.php?id=2
[Fri Jun 07 17:37:01.615076 2019] [php7:warn] [pid 31024:tid 1812] [client ::1:55444] PHP Warning:  mysqli_stmt::bind_param(): Number of variables doesn't match number of parameters in prepared statement in C:\\Users\\moabd\\OneDrive\\Desktop\\MissingChildrenDB\\htdocs\\MissingChildren\\show_customer.php on line 54, referer: http://localhost/missingchildren/show_customer.php?id=3
[Fri Jun 07 17:37:01.616074 2019] [php7:notice] [pid 31024:tid 1812] [client ::1:55444] PHP Notice:  Undefined variable: customerNumber in C:\\Users\\moabd\\OneDrive\\Desktop\\MissingChildrenDB\\htdocs\\MissingChildren\\show_customer.php on line 69, referer: http://localhost/missingchildren/show_customer.php?id=3
[Fri Jun 07 17:37:03.090264 2019] [php7:warn] [pid 31024:tid 1812] [client ::1:55444] PHP Warning:  mysqli_stmt::bind_param(): Number of variables doesn't match number of parameters in prepared statement in C:\\Users\\moabd\\OneDrive\\Desktop\\MissingChildrenDB\\htdocs\\MissingChildren\\show_customer.php on line 54, referer: http://localhost/missingchildren/show_customer.php?id=4
[Fri Jun 07 17:37:03.090264 2019] [php7:notice] [pid 31024:tid 1812] [client ::1:55444] PHP Notice:  Undefined variable: customerNumber in C:\\Users\\moabd\\OneDrive\\Desktop\\MissingChildrenDB\\htdocs\\MissingChildren\\show_customer.php on line 69, referer: http://localhost/missingchildren/show_customer.php?id=4
[Fri Jun 07 17:37:51.582536 2019] [php7:warn] [pid 31024:tid 1840] [client ::1:55491] PHP Warning:  mysqli_stmt::bind_param(): Number of variables doesn't match number of parameters in prepared statement in C:\\Users\\moabd\\OneDrive\\Desktop\\MissingChildrenDB\\htdocs\\MissingChildren\\show_customer.php on line 54, referer: http://localhost/missingchildren/list_customers.php
[Fri Jun 07 17:37:51.583535 2019] [php7:notice] [pid 31024:tid 1840] [client ::1:55491] PHP Notice:  Undefined variable: customerNumber in C:\\Users\\moabd\\OneDrive\\Desktop\\MissingChildrenDB\\htdocs\\MissingChildren\\show_customer.php on line 69, referer: http://localhost/missingchildren/list_customers.php
[Fri Jun 07 17:50:47.189241 2019] [php7:crit] [pid 31024:tid 1840] [client ::1:56275] PHP Parse error:  syntax error, unexpected '$conn' (T_VARIABLE), expecting ',' or ';' in C:\\Users\\moabd\\OneDrive\\Desktop\\MissingChildrenDB\\htdocs\\MissingChildren\\show_customer.php on line 38, referer: http://localhost/missingchildren/list_customers.php
[Fri Jun 07 18:20:03.862518 2019] [php7:crit] [pid 31024:tid 1840] [client ::1:58027] PHP Parse error:  syntax error, unexpected ';' in C:\\Users\\moabd\\OneDrive\\Desktop\\MissingChildrenDB\\htdocs\\MissingChildren\\show_customer.php on line 47, referer: http://localhost/missingchildren/list_customers.php
[Fri Jun 07 18:20:17.215668 2019] [php7:warn] [pid 31024:tid 1812] [client ::1:58047] PHP Warning:  mysqli_stmt::bind_param(): Number of variables doesn't match number of parameters in prepared statement in C:\\Users\\moabd\\OneDrive\\Desktop\\MissingChildrenDB\\htdocs\\MissingChildren\\show_customer.php on line 55
[Fri Jun 07 18:20:17.216666 2019] [php7:warn] [pid 31024:tid 1812] [client ::1:58047] PHP Warning:  mysqli_stmt::bind_result(): Number of bind variables doesn't match number of fields in prepared statement in C:\\Users\\moabd\\OneDrive\\Desktop\\MissingChildrenDB\\htdocs\\MissingChildren\\show_customer.php on line 61
[Fri Jun 07 18:20:43.616718 2019] [php7:warn] [pid 31024:tid 1840] [client ::1:58076] PHP Warning:  mysqli_stmt::bind_param(): Number of variables doesn't match number of parameters in prepared statement in C:\\Users\\moabd\\OneDrive\\Desktop\\MissingChildrenDB\\htdocs\\MissingChildren\\show_customer.php on line 55
[Fri Jun 07 18:20:43.616718 2019] [php7:warn] [pid 31024:tid 1840] [client ::1:58076] PHP Warning:  mysqli_stmt::bind_result(): Number of bind variables doesn't match number of fields in prepared statement in C:\\Users\\moabd\\OneDrive\\Desktop\\MissingChildrenDB\\htdocs\\MissingChildren\\show_customer.php on line 61
[Fri Jun 07 18:20:48.652225 2019] [php7:warn] [pid 31024:tid 1840] [client ::1:58076] PHP Warning:  mysqli_stmt::bind_param(): Number of variables doesn't match number of parameters in prepared statement in C:\\Users\\moabd\\OneDrive\\Desktop\\MissingChildrenDB\\htdocs\\MissingChildren\\show_customer.php on line 55, referer: http://localhost/missingchildren/list_customers.php
[Fri Jun 07 18:20:48.652225 2019] [php7:warn] [pid 31024:tid 1840] [client ::1:58076] PHP Warning:  mysqli_stmt::bind_result(): Number of bind variables doesn't match number of fields in prepared statement in C:\\Users\\moabd\\OneDrive\\Desktop\\MissingChildrenDB\\htdocs\\MissingChildren\\show_customer.php on line 61, referer: http://localhost/missingchildren/list_customers.php
[Fri Jun 07 18:21:34.726096 2019] [php7:warn] [pid 31024:tid 1812] [client ::1:58129] PHP Warning:  mysqli_stmt::bind_param(): Number of variables doesn't match number of parameters in prepared statement in C:\\Users\\moabd\\OneDrive\\Desktop\\MissingChildrenDB\\htdocs\\MissingChildren\\show_customer.php on line 55
[Fri Jun 07 18:22:27.937726 2019] [php7:warn] [pid 31024:tid 1840] [client ::1:58179] PHP Warning:  mysqli_stmt::bind_param(): Number of elements in type definition string doesn't match number of bind variables in C:\\Users\\moabd\\OneDrive\\Desktop\\MissingChildrenDB\\htdocs\\MissingChildren\\show_customer.php on line 55
[Fri Jun 07 18:40:55.689577 2019] [php7:warn] [pid 31024:tid 1840] [client ::1:50827] PHP Warning:  mysqli_stmt::bind_result(): Number of bind variables doesn't match number of fields in prepared statement in C:\\Users\\moabd\\OneDrive\\Desktop\\MissingChildrenDB\\htdocs\\MissingChildren\\show_customer.php on line 61, referer: http://localhost/missingchildren/list_customers.php
[Fri Jun 07 18:41:52.473491 2019] [php7:notice] [pid 31024:tid 1812] [client ::1:50882] PHP Notice:  Undefined variable: MissingChildNo in C:\\Users\\moabd\\OneDrive\\Desktop\\MissingChildrenDB\\htdocs\\MissingChildren\\show_customer.php on line 64, referer: http://localhost/missingchildren/list_customers.php
[Fri Jun 07 18:41:52.473491 2019] [php7:notice] [pid 31024:tid 1812] [client ::1:50882] PHP Notice:  Undefined variable: MissingChildNo in C:\\Users\\moabd\\OneDrive\\Desktop\\MissingChildrenDB\\htdocs\\MissingChildren\\show_customer.php on line 70, referer: http://localhost/missingchildren/list_customers.php
[Fri Jun 07 18:57:19.533018 2019] [php7:crit] [pid 31024:tid 1840] [client ::1:51732] PHP Parse error:  syntax error, unexpected 'echo' (T_ECHO), expecting ',' or ';' in C:\\Users\\moabd\\OneDrive\\Desktop\\MissingChildrenDB\\htdocs\\MissingChildren\\show_customer.php on line 63, referer: http://localhost/missingchildren/list_customers.php
[Fri Jun 07 19:03:22.592036 2019] [php7:crit] [pid 31024:tid 1840] [client ::1:52153] PHP Parse error:  syntax error, unexpected 'echo' (T_ECHO), expecting ',' or ';' in C:\\Users\\moabd\\OneDrive\\Desktop\\MissingChildrenDB\\htdocs\\MissingChildren\\show_customer.php on line 63
[Fri Jun 07 19:29:20.784289 2019] [php7:crit] [pid 31024:tid 1840] [client ::1:53786] PHP Parse error:  syntax error, unexpected 'echo' (T_ECHO), expecting ',' or ';' in C:\\Users\\moabd\\OneDrive\\Desktop\\MissingChildrenDB\\htdocs\\MissingChildren\\show_missing_child.php on line 65, referer: http://localhost/missingchildren/list_missing_children.php
[Fri Jun 07 20:31:18.838711 2019] [php7:crit] [pid 31024:tid 1820] [client ::1:50978] PHP Parse error:  syntax error, unexpected 'echo' (T_ECHO), expecting ',' or ';' in C:\\Users\\moabd\\OneDrive\\Desktop\\MissingChildrenDB\\htdocs\\MissingChildren\\show_missing_child.php on line 67, referer: http://localhost/missingchildren/list_missing_children.php
[Fri Jun 07 20:50:00.698678 2019] [php7:crit] [pid 31024:tid 1820] [client ::1:55501] PHP Parse error:  syntax error, unexpected '}', expecting ',' or ';' in C:\\Users\\moabd\\OneDrive\\Desktop\\MissingChildrenDB\\htdocs\\MissingChildren\\show_missing_child.php on line 71, referer: http://localhost/missingchildren/list_missing_children.php
[Fri Jun 07 21:16:58.887674 2019] [php7:warn] [pid 31024:tid 1840] [client ::1:64163] PHP Warning:  mysqli_stmt::bind_result(): Number of bind variables doesn't match number of fields in prepared statement in C:\\Users\\moabd\\OneDrive\\Desktop\\MissingChildrenDB\\htdocs\\MissingChildren\\show_missing_child.php on line 62, referer: http://localhost/missingchildren/list_missing_children.php
