
2019-06-06 18:35:54 0 [Note] InnoDB: Mutexes and rw_locks use Windows interlocked functions
2019-06-06 18:35:54 0 [Note] InnoDB: Uses event mutexes
2019-06-06 18:35:54 0 [Note] InnoDB: Compressed tables use zlib 1.2.11
2019-06-06 18:35:54 0 [Note] InnoDB: Number of pools: 1
2019-06-06 18:35:54 0 [Note] InnoDB: Using SSE2 crc32 instructions
2019-06-06 18:35:54 0 [Note] InnoDB: Initializing buffer pool, total size = 16M, instances = 1, chunk size = 16M
2019-06-06 18:35:55 0 [Note] InnoDB: Completed initialization of buffer pool
2019-06-06 18:35:55 0 [Note] InnoDB: Starting crash recovery from checkpoint LSN=1791378
2019-06-06 18:35:55 0 [Note] InnoDB: 128 out of 128 rollback segments are active.
2019-06-06 18:35:55 0 [Note] InnoDB: Removed temporary tablespace data file: "ibtmp1"
2019-06-06 18:35:55 0 [Note] InnoDB: Creating shared tablespace for temporary tables
2019-06-06 18:35:55 0 [Note] InnoDB: Setting file 'C:\Users\moabd\OneDrive\Desktop\MissingChildrenDB\mysql\data\ibtmp1' size to 12 MB. Physically writing the file full; Please wait ...
2019-06-06 18:35:55 0 [Note] InnoDB: File 'C:\Users\moabd\OneDrive\Desktop\MissingChildrenDB\mysql\data\ibtmp1' size is now 12 MB.
2019-06-06 18:35:55 0 [Note] InnoDB: 10.3.15 started; log sequence number 1791387; transaction id 163
2019-06-06 18:35:55 0 [Note] InnoDB: Loading buffer pool(s) from C:\Users\moabd\OneDrive\Desktop\MissingChildrenDB\mysql\data\ib_buffer_pool
2019-06-06 18:35:55 0 [Note] InnoDB: Buffer pool(s) load completed at 190606 18:35:55
2019-06-06 18:35:55 0 [Note] Plugin 'FEEDBACK' is disabled.
2019-06-06 18:35:55 0 [Note] Server socket created on IP: '::'.
2019-06-06 18:50:07 0 [Note] InnoDB: Mutexes and rw_locks use Windows interlocked functions
2019-06-06 18:50:07 0 [Note] InnoDB: Uses event mutexes
2019-06-06 18:50:07 0 [Note] InnoDB: Compressed tables use zlib 1.2.11
2019-06-06 18:50:07 0 [Note] InnoDB: Number of pools: 1
2019-06-06 18:50:07 0 [Note] InnoDB: Using SSE2 crc32 instructions
2019-06-06 18:50:07 0 [Note] InnoDB: Initializing buffer pool, total size = 16M, instances = 1, chunk size = 16M
2019-06-06 18:50:07 0 [Note] InnoDB: Completed initialization of buffer pool
2019-06-06 18:50:07 0 [Note] InnoDB: Starting crash recovery from checkpoint LSN=1796493
2019-06-06 18:50:07 0 [Note] InnoDB: 128 out of 128 rollback segments are active.
2019-06-06 18:50:07 0 [Note] InnoDB: Removed temporary tablespace data file: "ibtmp1"
2019-06-06 18:50:07 0 [Note] InnoDB: Creating shared tablespace for temporary tables
2019-06-06 18:50:07 0 [Note] InnoDB: Setting file 'C:\Users\moabd\OneDrive\Desktop\MissingChildrenDB\mysql\data\ibtmp1' size to 12 MB. Physically writing the file full; Please wait ...
2019-06-06 18:50:07 0 [Note] InnoDB: File 'C:\Users\moabd\OneDrive\Desktop\MissingChildrenDB\mysql\data\ibtmp1' size is now 12 MB.
2019-06-06 18:50:07 0 [Note] InnoDB: 10.3.15 started; log sequence number 1796502; transaction id 185
2019-06-06 18:50:07 0 [Note] InnoDB: Loading buffer pool(s) from C:\Users\moabd\OneDrive\Desktop\MissingChildrenDB\mysql\data\ib_buffer_pool
2019-06-06 18:50:08 0 [Note] InnoDB: Buffer pool(s) load completed at 190606 18:50:08
2019-06-06 18:50:08 0 [Note] Plugin 'FEEDBACK' is disabled.
2019-06-06 18:50:08 0 [Note] Server socket created on IP: '::'.
2019-06-06 23:39:46 0 [Note] InnoDB: Mutexes and rw_locks use Windows interlocked functions
2019-06-06 23:39:46 0 [Note] InnoDB: Uses event mutexes
2019-06-06 23:39:46 0 [Note] InnoDB: Compressed tables use zlib 1.2.11
2019-06-06 23:39:46 0 [Note] InnoDB: Number of pools: 1
2019-06-06 23:39:46 0 [Note] InnoDB: Using SSE2 crc32 instructions
2019-06-06 23:39:46 0 [Note] InnoDB: Initializing buffer pool, total size = 16M, instances = 1, chunk size = 16M
2019-06-06 23:39:46 0 [Note] InnoDB: Completed initialization of buffer pool
2019-06-06 23:39:47 0 [Note] InnoDB: Starting crash recovery from checkpoint LSN=1796511
2019-06-06 23:39:47 0 [Note] InnoDB: 128 out of 128 rollback segments are active.
2019-06-06 23:39:47 0 [Note] InnoDB: Removed temporary tablespace data file: "ibtmp1"
2019-06-06 23:39:47 0 [Note] InnoDB: Creating shared tablespace for temporary tables
2019-06-06 23:39:47 0 [Note] InnoDB: Setting file 'C:\Users\moabd\OneDrive\Desktop\MissingChildrenDB\mysql\data\ibtmp1' size to 12 MB. Physically writing the file full; Please wait ...
2019-06-06 23:39:47 0 [Note] InnoDB: File 'C:\Users\moabd\OneDrive\Desktop\MissingChildrenDB\mysql\data\ibtmp1' size is now 12 MB.
2019-06-06 23:39:47 0 [Note] InnoDB: 10.3.15 started; log sequence number 1796520; transaction id 185
2019-06-06 23:39:47 0 [Note] InnoDB: Loading buffer pool(s) from C:\Users\moabd\OneDrive\Desktop\MissingChildrenDB\mysql\data\ib_buffer_pool
2019-06-06 23:39:47 0 [Note] InnoDB: Buffer pool(s) load completed at 190606 23:39:47
2019-06-06 23:39:47 0 [Note] Plugin 'FEEDBACK' is disabled.
2019-06-06 23:39:47 0 [Note] Server socket created on IP: '::'.
2019-06-07 17:26:10 0 [Note] InnoDB: Mutexes and rw_locks use Windows interlocked functions
2019-06-07 17:26:10 0 [Note] InnoDB: Uses event mutexes
2019-06-07 17:26:10 0 [Note] InnoDB: Compressed tables use zlib 1.2.11
2019-06-07 17:26:10 0 [Note] InnoDB: Number of pools: 1
2019-06-07 17:26:10 0 [Note] InnoDB: Using SSE2 crc32 instructions
2019-06-07 17:26:10 0 [Note] InnoDB: Initializing buffer pool, total size = 16M, instances = 1, chunk size = 16M
2019-06-07 17:26:10 0 [Note] InnoDB: Completed initialization of buffer pool
2019-06-07 17:26:10 0 [Note] InnoDB: Starting crash recovery from checkpoint LSN=1979309
2019-06-07 17:26:10 0 [Note] InnoDB: 128 out of 128 rollback segments are active.
2019-06-07 17:26:10 0 [Note] InnoDB: Removed temporary tablespace data file: "ibtmp1"
2019-06-07 17:26:10 0 [Note] InnoDB: Creating shared tablespace for temporary tables
2019-06-07 17:26:10 0 [Note] InnoDB: Setting file 'C:\Users\moabd\OneDrive\Desktop\MissingChildrenDB\mysql\data\ibtmp1' size to 12 MB. Physically writing the file full; Please wait ...
2019-06-07 17:26:10 0 [Note] InnoDB: File 'C:\Users\moabd\OneDrive\Desktop\MissingChildrenDB\mysql\data\ibtmp1' size is now 12 MB.
2019-06-07 17:26:10 0 [Note] InnoDB: 10.3.15 started; log sequence number 1979318; transaction id 263
2019-06-07 17:26:10 0 [Note] InnoDB: Loading buffer pool(s) from C:\Users\moabd\OneDrive\Desktop\MissingChildrenDB\mysql\data\ib_buffer_pool
2019-06-07 17:26:10 0 [Note] InnoDB: Buffer pool(s) load completed at 190607 17:26:10
2019-06-07 17:26:10 0 [Note] Plugin 'FEEDBACK' is disabled.
2019-06-07 17:26:10 0 [Note] Server socket created on IP: '::'.
2019-06-07 21:49:42 0 [Note] InnoDB: Mutexes and rw_locks use Windows interlocked functions
2019-06-07 21:49:42 0 [Note] InnoDB: Uses event mutexes
2019-06-07 21:49:42 0 [Note] InnoDB: Compressed tables use zlib 1.2.11
2019-06-07 21:49:42 0 [Note] InnoDB: Number of pools: 1
2019-06-07 21:49:42 0 [Note] InnoDB: Using SSE2 crc32 instructions
2019-06-07 21:49:42 0 [Note] InnoDB: Initializing buffer pool, total size = 16M, instances = 1, chunk size = 16M
2019-06-07 21:49:42 0 [Note] InnoDB: Completed initialization of buffer pool
2019-06-07 21:49:42 0 [Note] InnoDB: Starting crash recovery from checkpoint LSN=2128579
2019-06-07 21:49:42 0 [Note] InnoDB: 128 out of 128 rollback segments are active.
2019-06-07 21:49:42 0 [Note] InnoDB: Removed temporary tablespace data file: "ibtmp1"
2019-06-07 21:49:42 0 [Note] InnoDB: Creating shared tablespace for temporary tables
2019-06-07 21:49:42 0 [Note] InnoDB: Setting file 'C:\Users\moabd\OneDrive\Desktop\MissingChildrenDB\mysql\data\ibtmp1' size to 12 MB. Physically writing the file full; Please wait ...
2019-06-07 21:49:42 0 [Note] InnoDB: File 'C:\Users\moabd\OneDrive\Desktop\MissingChildrenDB\mysql\data\ibtmp1' size is now 12 MB.
2019-06-07 21:49:42 0 [Note] InnoDB: 10.3.15 started; log sequence number 2128588; transaction id 345
2019-06-07 21:49:42 0 [Note] InnoDB: Loading buffer pool(s) from C:\Users\moabd\OneDrive\Desktop\MissingChildrenDB\mysql\data\ib_buffer_pool
2019-06-07 21:49:42 0 [Note] InnoDB: Buffer pool(s) load completed at 190607 21:49:42
2019-06-07 21:49:42 0 [Note] Plugin 'FEEDBACK' is disabled.
2019-06-07 21:49:42 0 [Note] Server socket created on IP: '::'.
